
it

da

vi

vi

da

da

es

es

it

it

fr

fr

da

pt

fr

fr

da

da

ha

hu

it

it

et

et

fr

fr
it - 0.15845555555556
da - 0.15623333333333
de - 0.15232222222222
no - 0.1521
es - 0.14675555555556
fr - 0.13748888888889
sv - 0.13376666666667
ro - 0.12588888888889
pt - 0.12562222222222
sk - 0.11211111111111
fi - 0.10635555555556
pl - 0.10118888888889
cy - 0.10082222222222
et - 0.10081111111111
sl - 0.0976
is - 0.096155555555556
hr - 0.095388888888889
sq - 0.090422222222222
cs - 0.088944444444444
hu - 0.0875
ha - 0.087266666666667
lt - 0.084688888888889
tr - 0.081477777777778
lv - 0.071188888888889
az - 0.068822222222222
vi - 0.059911111111111
uz - 0
ur - 0
uk - 0
bn - 0
bg - 0
kk - 0
sr - 0
ky - 0
fa - 0
hi - 0
ps - 0
ne - 0
mn - 0
mk - 0
ar - 0
ru - 0
it
da - 0.15786666666667
it - 0.15758888888889
de - 0.15581111111111
no - 0.15417777777778
es - 0.14707777777778
fr - 0.13944444444444
sv - 0.13735555555556
ro - 0.12794444444444
pt - 0.12494444444444
sk - 0.1148
fi - 0.10918888888889
cy - 0.10504444444444
pl - 0.10296666666667
et - 0.10163333333333
sl - 0.10056666666667
is - 0.096366666666667
hr - 0.095466666666667
sq - 0.091344444444444
cs - 0.091044444444444
ha - 0.087811111111111
hu - 0.087133333333333
lt - 0.084422222222222
tr - 0.0837
az - 0.0712
lv - 0.071044444444444
vi - 0.059966666666667
uz - 0
ur - 0
uk - 0
bn - 0
bg - 0
kk - 0
sr - 0
ky - 0
fa - 0
hi - 0
ps - 0
ne - 0
mn - 0
mk - 0
ar - 0
ru - 0
da
vi - 0.16042735042735
et - 0.15282051282051
it - 0.14410256410256
cy - 0.14068376068376
da - 0.1242735042735
hu - 0.10982905982906
no - 0.10803418803419
fr - 0.10487179487179
lv - 0.10452991452991
es - 0.078547008547008
pt - 0.073931623931624
sq - 0.064615384615385
ro - 0.063247863247863
lt - 0.060854700854701
ha - 0.054957264957265
az - 0.054871794871795
sv - 0.053846153846154
sk - 0.052735042735043
pl - 0.049401709401709
hr - 0.049230769230769
sl - 0.048119658119658
is - 0.047692307692308
de - 0.044786324786325
fi - 0.036923076923077
tr - 0.036410256410256
cs - 0.022735042735043
hi - 0
uz - 0
ur - 0
uk - 0
bn - 0
ky - 0
sr - 0
fa - 0
bg - 0
kk - 0
ps - 0
ne - 0
mn - 0
mk - 0
ar - 0
ru - 0
vi
vi - 0.16503875968992
et - 0.14015503875969
cy - 0.13457364341085
it - 0.13093023255814
hu - 0.1006976744186
da - 0.098139534883721
lv - 0.096279069767442
fr - 0.095736434108527
no - 0.080542635658915
es - 0.072093023255814
sq - 0.070387596899225
pt - 0.067984496124031
ha - 0.06046511627907
az - 0.056589147286822
lt - 0.055968992248062
ro - 0.053565891472868
fi - 0.049457364341085
sk - 0.048372093023256
pl - 0.045426356589147
hr - 0.044496124031008
is - 0.043643410852713
sl - 0.043565891472868
de - 0.041395348837209
sv - 0.037364341085271
tr - 0.033565891472868
cs - 0.016201550387597
hi - 0
uz - 0
ur - 0
uk - 0
bn - 0
fa - 0
sr - 0
ru - 0
kk - 0
bg - 0
ne - 0
mn - 0
mk - 0
ar - 0
ky - 0
ps - 0
vi
da - 0.23558823529412
no - 0.21612745098039
de - 0.1978431372549
sv - 0.18029411764706
it - 0.16848039215686
es - 0.16338235294118
lv - 0.16235294117647
fr - 0.14049019607843
lt - 0.1353431372549
hr - 0.13524509803922
hu - 0.13372549019608
sl - 0.13186274509804
cs - 0.12990196078431
pt - 0.12553921568627
ro - 0.1128431372549
et - 0.1093137254902
sk - 0.10906862745098
vi - 0.10200980392157
cy - 0.092450980392157
pl - 0.091274509803922
tr - 0.076960784313725
ha - 0.072156862745098
fi - 0.066029411764706
az - 0.065245098039216
sq - 0.050196078431373
is - 0.044558823529412
uz - 0
ur - 0
uk - 0
bn - 0
bg - 0
fa - 0
ky - 0
sr - 0
kk - 0
hi - 0
ps - 0
ne - 0
mn - 0
mk - 0
ar - 0
ru - 0
da
da - 0.23558823529412
no - 0.21612745098039
de - 0.1978431372549
sv - 0.18029411764706
it - 0.16848039215686
es - 0.16338235294118
lv - 0.16235294117647
fr - 0.14049019607843
lt - 0.1353431372549
hr - 0.13524509803922
hu - 0.13372549019608
sl - 0.13186274509804
cs - 0.12990196078431
pt - 0.12553921568627
ro - 0.1128431372549
et - 0.1093137254902
sk - 0.10906862745098
vi - 0.10200980392157
cy - 0.092450980392157
pl - 0.091274509803922
tr - 0.076960784313725
ha - 0.072156862745098
fi - 0.066029411764706
az - 0.065245098039216
sq - 0.050196078431373
is - 0.044558823529412
uz - 0
ur - 0
uk - 0
bn - 0
bg - 0
fa - 0
ky - 0
sr - 0
kk - 0
hi - 0
ps - 0
ne - 0
mn - 0
mk - 0
ar - 0
ru - 0
da
es - 0.15381642512077
fr - 0.14468599033816
lv - 0.13937198067633
it - 0.1287922705314
pt - 0.12376811594203
no - 0.12202898550725
da - 0.11096618357488
de - 0.10497584541063
ro - 0.10183574879227
hu - 0.098067632850241
lt - 0.095024154589372
et - 0.085507246376812
fi - 0.084444444444444
cs - 0.082850241545894
sk - 0.082415458937198
sl - 0.078695652173913
sv - 0.074444444444444
cy - 0.067536231884058
pl - 0.065797101449275
hr - 0.060869565217391
az - 0.049371980676329
vi - 0.038454106280193
sq - 0.037342995169082
tr - 0.035845410628019
ha - 0.034492753623188
is - 0.025072463768116
uz - 0
ur - 0
uk - 0
bn - 0
bg - 0
kk - 0
sr - 0
ky - 0
fa - 0
ps - 0
hi - 0
ne - 0
mn - 0
mk - 0
ar - 0
ru - 0
es
es - 0.15190476190476
fr - 0.15009523809524
lv - 0.13738095238095
it - 0.12728571428571
pt - 0.12219047619048
no - 0.1207619047619
ro - 0.1127619047619
da - 0.10985714285714
de - 0.1037619047619
lt - 0.10352380952381
hu - 0.097047619047619
et - 0.093857142857143
fi - 0.083428571428571
cs - 0.081904761904762
sk - 0.081333333333333
sl - 0.077809523809524
sv - 0.073666666666667
cy - 0.066952380952381
pl - 0.065047619047619
hr - 0.060238095238095
az - 0.048809523809524
vi - 0.038142857142857
sq - 0.037047619047619
tr - 0.035428571428571
ha - 0.034190476190476
is - 0.024761904761905
uz - 0
ur - 0
uk - 0
bn - 0
bg - 0
kk - 0
sr - 0
ky - 0
fa - 0
ps - 0
hi - 0
ne - 0
mn - 0
mk - 0
ar - 0
ru - 0
es
it - 0.19631205673759
es - 0.18886524822695
da - 0.1722695035461
ro - 0.17205673758865
de - 0.16375886524823
sv - 0.16241134751773
fr - 0.16241134751773
pt - 0.12716312056738
no - 0.12624113475177
cy - 0.10893617021277
fi - 0.10177304964539
hu - 0.095390070921986
az - 0.075390070921986
lv - 0.071489361702128
sq - 0.070921985815603
et - 0.069078014184397
tr - 0.066879432624114
lt - 0.06645390070922
ha - 0.050212765957447
sl - 0.049503546099291
cs - 0.042624113475177
vi - 0.034113475177305
hr - 0.017234042553191
sk - 0.01645390070922
pl - 0.01468085106383
is - 0.0090780141843972
ar - 0
bg - 0
uz - 0
ur - 0
uk - 0
kk - 0
bn - 0
sr - 0
ky - 0
mk - 0
ru - 0
ps - 0
fa - 0
ne - 0
mn - 0
hi - 0
it
it - 0.19631205673759
es - 0.18886524822695
da - 0.1722695035461
ro - 0.17205673758865
de - 0.16375886524823
sv - 0.16241134751773
fr - 0.16241134751773
pt - 0.12716312056738
no - 0.12624113475177
cy - 0.10893617021277
fi - 0.10177304964539
hu - 0.095390070921986
az - 0.075390070921986
lv - 0.071489361702128
sq - 0.070921985815603
et - 0.069078014184397
tr - 0.066879432624114
lt - 0.06645390070922
ha - 0.050212765957447
sl - 0.049503546099291
cs - 0.042624113475177
vi - 0.034113475177305
hr - 0.017234042553191
sk - 0.01645390070922
pl - 0.01468085106383
is - 0.0090780141843972
ar - 0
bg - 0
uz - 0
ur - 0
uk - 0
kk - 0
bn - 0
sr - 0
ky - 0
mk - 0
ru - 0
ps - 0
fa - 0
ne - 0
mn - 0
hi - 0
it
fr - 0.19438461538462
es - 0.17935897435897
pt - 0.17764102564103
sk - 0.14464102564103
ro - 0.1335641025641
it - 0.12748717948718
de - 0.124
cs - 0.11371794871795
et - 0.10769230769231
no - 0.10353846153846
da - 0.098307692307692
lt - 0.092358974358974
pl - 0.091589743589744
sv - 0.090333333333333
lv - 0.080538461538461
hr - 0.079358974358974
sl - 0.075153846153846
fi - 0.075025641025641
cy - 0.070923076923077
sq - 0.070153846153846
hu - 0.065769230769231
ha - 0.060025641025641
vi - 0.054230769230769
az - 0.051794871794872
is - 0.048512820512821
tr - 0.047051282051282
bg - 0
uz - 0
ur - 0
uk - 0
bn - 0
ky - 0
fa - 0
sr - 0
kk - 0
hi - 0
ps - 0
ne - 0
mn - 0
mk - 0
ar - 0
ru - 0
fr
fr - 0.19123737373737
es - 0.17669191919192
pt - 0.17494949494949
sk - 0.14242424242424
ro - 0.13174242424242
it - 0.12633838383838
de - 0.12270202020202
cs - 0.11212121212121
et - 0.10621212121212
no - 0.10232323232323
da - 0.097222222222222
lt - 0.091010101010101
pl - 0.090454545454545
sv - 0.089393939393939
lv - 0.079419191919192
fi - 0.079065656565657
hr - 0.078434343434343
cy - 0.074343434343434
sl - 0.074015151515151
sq - 0.072954545454545
hu - 0.065
ha - 0.062449494949495
vi - 0.059621212121212
az - 0.053207070707071
is - 0.047878787878788
tr - 0.046515151515152
bn - 0.00025252525252517
bg - 0
uz - 0
ur - 0
uk - 0
kk - 0
sr - 0
ky - 0
fa - 0
hi - 0
ps - 0
ne - 0
mn - 0
mk - 0
ar - 0
ru - 0
fr
da - 0.15740196078431
pt - 0.14117647058824
is - 0.13691176470588
sv - 0.13539215686275
pl - 0.135
it - 0.13259803921569
et - 0.12980392156863
no - 0.12946078431373
az - 0.12578431372549
de - 0.12343137254902
ha - 0.12127450980392
sl - 0.11700980392157
es - 0.115
tr - 0.10632352941176
fi - 0.10382352941176
fr - 0.096911764705882
sq - 0.095049019607843
sk - 0.092794117647059
hu - 0.088774509803922
cy - 0.087254901960784
ro - 0.085980392156863
cs - 0.085735294117647
lt - 0.084362745098039
lv - 0.083235294117647
hr - 0.07
vi - 0.007843137254902
ne - 0
uz - 0
ur - 0
uk - 0
bn - 0
bg - 0
mk - 0
ky - 0
fa - 0
ar - 0
ru - 0
mn - 0
hi - 0
kk - 0
ps - 0
sr - 0
da
pt - 0.15700854700855
da - 0.14730769230769
it - 0.14252136752137
sv - 0.13512820512821
no - 0.12794871794872
is - 0.12431623931624
fr - 0.1215811965812
de - 0.12004273504273
pl - 0.1191452991453
es - 0.11735042735043
az - 0.11606837606838
ha - 0.11397435897436
sl - 0.11346153846154
et - 0.1134188034188
fi - 0.10123931623932
sq - 0.098846153846154
ro - 0.097735042735043
lv - 0.096495726495727
tr - 0.095598290598291
sk - 0.089059829059829
lt - 0.087051282051282
hu - 0.086623931623932
cy - 0.083504273504273
cs - 0.082264957264957
hr - 0.070854700854701
vi - 0.03017094017094
uz - 0
ur - 0
uk - 0
bn - 0
bg - 0
ar - 0
fa - 0
mk - 0
ru - 0
hi - 0
kk - 0
ps - 0
ky - 0
ne - 0
mn - 0
sr - 0
pt
fr - 0.16418439716312
pt - 0.16255319148936
es - 0.1422695035461
da - 0.13375886524823
it - 0.12801418439716
ro - 0.12382978723404
de - 0.10460992907801
lv - 0.09645390070922
sv - 0.093262411347518
no - 0.089787234042553
cy - 0.08113475177305
hr - 0.078652482269503
cs - 0.077517730496454
pl - 0.075886524822695
et - 0.072978723404255
sk - 0.064042553191489
lt - 0.062269503546099
sl - 0.056099290780142
fi - 0.044893617021277
tr - 0.042056737588652
sq - 0.028297872340426
hu - 0.024042553191489
vi - 0.023829787234043
az - 0.0015602836879434
is - 0.00092198581560277
hi - 0
bn - 0
ky - 0
uz - 0
ur - 0
uk - 0
ar - 0
mk - 0
mn - 0
ps - 0
bg - 0
sr - 0
ru - 0
kk - 0
ne - 0
ha - 0
fa - 0
fr
fr - 0.15546666666667
pt - 0.15313333333333
es - 0.13406666666667
da - 0.12706666666667
it - 0.12093333333333
ro - 0.11686666666667
lv - 0.0916
sv - 0.088733333333333
no - 0.0852
de - 0.083
hr - 0.074466666666667
cs - 0.073533333333333
pl - 0.071733333333333
et - 0.0696
cy - 0.068666666666667
sk - 0.060466666666667
lt - 0.0594
fi - 0.0562
sl - 0.053733333333333
tr - 0.04
vi - 0.039066666666667
sq - 0.0366
hu - 0.022933333333333
ha - 0.0081333333333333
az - 0.0068666666666667
is - 0.00093333333333323
ps - 0
hi - 0
ne - 0
kk - 0
ru - 0
sr - 0
bg - 0
mn - 0
bn - 0
mk - 0
ar - 0
uk - 0
ur - 0
uz - 0
ky - 0
fa - 0
fr
da - 0.19509090909091
pt - 0.17248484848485
de - 0.15945454545455
fr - 0.15781818181818
it - 0.156
es - 0.15187878787879
no - 0.15163636363636
ro - 0.13993939393939
sv - 0.13563636363636
sk - 0.097333333333333
vi - 0.096181818181818
cs - 0.061757575757576
hr - 0.057090909090909
lt - 0.056848484848485
pl - 0.050484848484848
sq - 0.048969696969697
hu - 0.046727272727273
fi - 0.044727272727273
lv - 0.040424242424242
is - 0.037575757575757
et - 0.036363636363636
az - 0.031757575757576
sl - 0.031030303030303
cy - 0.028242424242424
tr - 0.027030303030303
ha - 0.021515151515151
ne - 0
bg - 0
kk - 0
uz - 0
ur - 0
uk - 0
bn - 0
ky - 0
hi - 0
ar - 0
sr - 0
ru - 0
mk - 0
mn - 0
ps - 0
fa - 0
da
da - 0.19509090909091
pt - 0.17248484848485
de - 0.15945454545455
fr - 0.15781818181818
it - 0.156
es - 0.15187878787879
no - 0.15163636363636
ro - 0.13993939393939
sv - 0.13563636363636
sk - 0.097333333333333
vi - 0.096181818181818
cs - 0.061757575757576
hr - 0.057090909090909
lt - 0.056848484848485
pl - 0.050484848484848
sq - 0.048969696969697
hu - 0.046727272727273
fi - 0.044727272727273
lv - 0.040424242424242
is - 0.037575757575757
et - 0.036363636363636
az - 0.031757575757576
sl - 0.031030303030303
cy - 0.028242424242424
tr - 0.027030303030303
ha - 0.021515151515151
ne - 0
bg - 0
kk - 0
uz - 0
ur - 0
uk - 0
bn - 0
ky - 0
hi - 0
ar - 0
sr - 0
ru - 0
mk - 0
mn - 0
ps - 0
fa - 0
da
sq
ar
az
bn
bg

hr
cs
da
nl
en
et
fa
fi
fr
de
ha

hi
hu
is
id
it
kk
ky
la
lv
lt
mk
mn
ne
no
ps

pl
pt
ro
ru
sr
sk
sl
so
es
sw
sv
tl
tr
uk
ur
uz
vi
cy
it - 0.15845555555556
da - 0.15623333333333
de - 0.15232222222222
no - 0.1521
es - 0.14675555555556
fr - 0.13748888888889
sv - 0.13376666666667
ro - 0.12588888888889
pt - 0.12562222222222
sk - 0.11211111111111
fi - 0.10635555555556
pl - 0.10118888888889
cy - 0.10082222222222
et - 0.10081111111111
sl - 0.0976
is - 0.096155555555556
hr - 0.095388888888889
sq - 0.090422222222222
cs - 0.088944444444444
hu - 0.0875
ha - 0.087266666666667
lt - 0.084688888888889
tr - 0.081477777777778
lv - 0.071188888888889
az - 0.068822222222222
vi - 0.059911111111111
uz - 0
ur - 0
uk - 0
bn - 0
bg - 0
kk - 0
sr - 0
ky - 0
fa - 0
hi - 0
ps - 0
ne - 0
mn - 0
mk - 0
ar - 0
ru - 0
it
sq
ar
az
bn
bg

hr
cs
da
nl
en
et
fa
fi
fr
de
ha

hi
hu
is
id
it
kk
ky
la
lv
lt
mk
mn
ne
no
ps

pl
pt
ro
ru
sr
sk
sl
so
es
sw
sv
tl
tr
uk
ur
uz
vi
cy
da - 0.15786666666667
it - 0.15758888888889
de - 0.15581111111111
no - 0.15417777777778
es - 0.14707777777778
fr - 0.13944444444444
sv - 0.13735555555556
ro - 0.12794444444444
pt - 0.12494444444444
sk - 0.1148
fi - 0.10918888888889
cy - 0.10504444444444
pl - 0.10296666666667
et - 0.10163333333333
sl - 0.10056666666667
is - 0.096366666666667
hr - 0.095466666666667
sq - 0.091344444444444
cs - 0.091044444444444
ha - 0.087811111111111
hu - 0.087133333333333
lt - 0.084422222222222
tr - 0.0837
az - 0.0712
lv - 0.071044444444444
vi - 0.059966666666667
uz - 0
ur - 0
uk - 0
bn - 0
bg - 0
kk - 0
sr - 0
ky - 0
fa - 0
hi - 0
ps - 0
ne - 0
mn - 0
mk - 0
ar - 0
ru - 0
da
sq
ar
az
bn
bg

hr
cs
da
nl
en
et
fa
fi
fr
de
ha

hi
hu
is
id
it
kk
ky
la
lv
lt
mk
mn
ne
no
ps

pl
pt
ro
ru
sr
sk
sl
so
es
sw
sv
tl
tr
uk
ur
uz
vi
cy
vi - 0.16042735042735
et - 0.15282051282051
it - 0.14410256410256
cy - 0.14068376068376
da - 0.1242735042735
hu - 0.10982905982906
no - 0.10803418803419
fr - 0.10487179487179
lv - 0.10452991452991
es - 0.078547008547008
pt - 0.073931623931624
sq - 0.064615384615385
ro - 0.063247863247863
lt - 0.060854700854701
ha - 0.054957264957265
az - 0.054871794871795
sv - 0.053846153846154
sk - 0.052735042735043
pl - 0.049401709401709
hr - 0.049230769230769
sl - 0.048119658119658
is - 0.047692307692308
de - 0.044786324786325
fi - 0.036923076923077
tr - 0.036410256410256
cs - 0.022735042735043
hi - 0
uz - 0
ur - 0
uk - 0
bn - 0
ky - 0
sr - 0
fa - 0
bg - 0
kk - 0
ps - 0
ne - 0
mn - 0
mk - 0
ar - 0
ru - 0
vi
sq
ar
az
bn
bg

hr
cs
da
nl
en
et
fa
fi
fr
de
ha

hi
hu
is
id
it
kk
ky
la
lv
lt
mk
mn
ne
no
ps

pl
pt
ro
ru
sr
sk
sl
so
es
sw
sv
tl
tr
uk
ur
uz
vi
cy
vi - 0.16503875968992
et - 0.14015503875969
cy - 0.13457364341085
it - 0.13093023255814
hu - 0.1006976744186
da - 0.098139534883721
lv - 0.096279069767442
fr - 0.095736434108527
no - 0.080542635658915
es - 0.072093023255814
sq - 0.070387596899225
pt - 0.067984496124031
ha - 0.06046511627907
az - 0.056589147286822
lt - 0.055968992248062
ro - 0.053565891472868
fi - 0.049457364341085
sk - 0.048372093023256
pl - 0.045426356589147
hr - 0.044496124031008
is - 0.043643410852713
sl - 0.043565891472868
de - 0.041395348837209
sv - 0.037364341085271
tr - 0.033565891472868
cs - 0.016201550387597
hi - 0
uz - 0
ur - 0
uk - 0
bn - 0
fa - 0
sr - 0
ru - 0
kk - 0
bg - 0
ne - 0
mn - 0
mk - 0
ar - 0
ky - 0
ps - 0
vi
sq
ar
az
bn
bg

hr
cs
da
nl
en
et
fa
fi
fr
de
ha

hi
hu
is
id
it
kk
ky
la
lv
lt
mk
mn
ne
no
ps

pl
pt
ro
ru
sr
sk
sl
so
es
sw
sv
tl
tr
uk
ur
uz
vi
cy
da - 0.23558823529412
no - 0.21612745098039
de - 0.1978431372549
sv - 0.18029411764706
it - 0.16848039215686
es - 0.16338235294118
lv - 0.16235294117647
fr - 0.14049019607843
lt - 0.1353431372549
hr - 0.13524509803922
hu - 0.13372549019608
sl - 0.13186274509804
cs - 0.12990196078431
pt - 0.12553921568627
ro - 0.1128431372549
et - 0.1093137254902
sk - 0.10906862745098
vi - 0.10200980392157
cy - 0.092450980392157
pl - 0.091274509803922
tr - 0.076960784313725
ha - 0.072156862745098
fi - 0.066029411764706
az - 0.065245098039216
sq - 0.050196078431373
is - 0.044558823529412
uz - 0
ur - 0
uk - 0
bn - 0
bg - 0
fa - 0
ky - 0
sr - 0
kk - 0
hi - 0
ps - 0
ne - 0
mn - 0
mk - 0
ar - 0
ru - 0
da
sq
ar
az
bn
bg

hr
cs
da
nl
en
et
fa
fi
fr
de
ha

hi
hu
is
id
it
kk
ky
la
lv
lt
mk
mn
ne
no
ps

pl
pt
ro
ru
sr
sk
sl
so
es
sw
sv
tl
tr
uk
ur
uz
vi
cy
da - 0.23558823529412
no - 0.21612745098039
de - 0.1978431372549
sv - 0.18029411764706
it - 0.16848039215686
es - 0.16338235294118
lv - 0.16235294117647
fr - 0.14049019607843
lt - 0.1353431372549
hr - 0.13524509803922
hu - 0.13372549019608
sl - 0.13186274509804
cs - 0.12990196078431
pt - 0.12553921568627
ro - 0.1128431372549
et - 0.1093137254902
sk - 0.10906862745098
vi - 0.10200980392157
cy - 0.092450980392157
pl - 0.091274509803922
tr - 0.076960784313725
ha - 0.072156862745098
fi - 0.066029411764706
az - 0.065245098039216
sq - 0.050196078431373
is - 0.044558823529412
uz - 0
ur - 0
uk - 0
bn - 0
bg - 0
fa - 0
ky - 0
sr - 0
kk - 0
hi - 0
ps - 0
ne - 0
mn - 0
mk - 0
ar - 0
ru - 0
da
